<?xml version="1.0" encoding="UTF-8"?>
<!-- Generated by org.testng.reporters.JUnitXMLReporter -->
<testsuite ignored="0" hostname="Subathra" failures="0" tests="4" name="Default test" time="32.296" errors="0" timestamp="2025-01-10T12:01:53 GMT">
  <testcase classname="TestCases.PlaceOrderEndToEndTest" name="PlaceOrder" time="5.336"/>
  <testcase classname="TestCases.PlaceOrderEndToEndTest" name="PlaceOrder" time="5.31"/>
  <testcase classname="TestCases.PlaceOrderEndToEndTest" name="OrderHistoryTest" time="1.088"/>
  <testcase classname="TestCases.PlaceOrderEndToEndTest" name="OrderHistoryTest" time="0.996"/>
</testsuite> <!-- Default test -->
