<?xml version="1.0" encoding="UTF-8"?>
<!-- Generated by org.testng.reporters.JUnitXMLReporter -->
<testsuite ignored="0" hostname="Subathra" failures="0" tests="4" name="Default test" time="64.217" errors="0" timestamp="2025-03-28T12:17:59 GMT">
  <testcase classname="TestCases.PlaceOrderEndToEndTest" name="PlaceOrder" time="10.021"/>
  <testcase classname="TestCases.PlaceOrderEndToEndTest" name="PlaceOrder" time="9.848"/>
  <testcase classname="TestCases.PlaceOrderEndToEndTest" name="OrderHistoryTest" time="4.997"/>
  <testcase classname="TestCases.PlaceOrderEndToEndTest" name="OrderHistoryTest" time="6.065"/>
</testsuite> <!-- Default test -->
