<?xml version="1.0" encoding="UTF-8"?>
<!-- Generated by org.testng.reporters.JUnitXMLReporter -->
<testsuite ignored="0" hostname="Subathra" failures="1" tests="2" name="ErrorValidation" time="24.879" errors="0" timestamp="2025-03-28T12:21:45 GMT">
  <testcase classname="TestCases.ErrorValidationTest" name="ErrorValidationEmail" time="4.755">
    <failure type="java.lang.AssertionError" message="expected [Incorrect email or password1.] but found [Incorrect email or password.]">
      <![CDATA[java.lang.AssertionError: expected [Incorrect email or password1.] but found [Incorrect email or password.]
at TestCases.ErrorValidationTest.ErrorValidationEmail(ErrorValidationTest.java:34)
at java.base/java.util.ArrayList.forEach(ArrayList.java:1511)
... Removed 33 stack frames]]>
    </failure>
  </testcase> <!-- ErrorValidationEmail -->
  <testcase classname="TestCases.ErrorValidationTest" name="ErrorValidationPassword" time="4.845"/>
</testsuite> <!-- ErrorValidation -->
