<?xml version="1.0" encoding="UTF-8"?>
<!-- Generated by org.testng.reporters.JUnitXMLReporter -->
<testsuite ignored="0" hostname="Subathra" failures="0" tests="4" name="PlaceOrder" time="59.047" errors="0" timestamp="2025-03-28T12:21:20 GMT">
  <testcase classname="TestCases.PlaceOrderEndToEndTest" name="PlaceOrder" time="8.671"/>
  <testcase classname="TestCases.PlaceOrderEndToEndTest" name="PlaceOrder" time="9.784"/>
  <testcase classname="TestCases.PlaceOrderEndToEndTest" name="OrderHistoryTest" time="4.957"/>
  <testcase classname="TestCases.PlaceOrderEndToEndTest" name="OrderHistoryTest" time="5.003"/>
</testsuite> <!-- PlaceOrder -->
