<?xml version="1.0" encoding="UTF-8"?>
<!-- Generated by org.testng.reporters.JUnitXMLReporter -->
<testsuite ignored="0" hostname="Subathra" failures="0" tests="4" name="PlaceOrder" time="32.739" errors="0" timestamp="2025-01-12T09:35:13 GMT">
  <testcase classname="TestCases.PlaceOrderEndToEndTest" name="PlaceOrder" time="5.46"/>
  <testcase classname="TestCases.PlaceOrderEndToEndTest" name="PlaceOrder" time="5.379"/>
  <testcase classname="TestCases.PlaceOrderEndToEndTest" name="OrderHistoryTest" time="1.089"/>
  <testcase classname="TestCases.PlaceOrderEndToEndTest" name="OrderHistoryTest" time="1.016"/>
</testsuite> <!-- PlaceOrder -->
