<?xml version="1.0" encoding="UTF-8"?>
<!-- Generated by org.testng.reporters.JUnitXMLReporter -->
<testsuite ignored="0" hostname="Subathra" failures="0" tests="3" name="Test" time="24.091" errors="0" timestamp="2025-01-09T10:44:02 GMT">
  <testcase classname="PageObjectModel.ErrorValidation" name="ErrorValidationEmail" time="0.656"/>
  <testcase classname="PageObjectModel.ErrorValidation" name="ErrorValidationPassword" time="0.807"/>
  <testcase classname="PageObjectModel.APlaceOrderEndToEnd" name="PlaceOrder" time="6.459"/>
</testsuite> <!-- Test -->
