<?xml version="1.0" encoding="UTF-8"?>
<testng-results ignored="0" total="6" passed="6" failed="0" skipped="0">
  <reporter-output>
  </reporter-output>
  <suite started-at="2025-01-12T09:34:28 GMT" name="Suite" finished-at="2025-01-12T09:35:13 GMT" duration-ms="45231">
    <groups>
    </groups>
    <test started-at="2025-01-12T09:34:28 GMT" name="ErrorValidation" finished-at="2025-01-12T09:34:41 GMT" duration-ms="12404">
      <class name="TestCases.ErrorValidationTest">
        <test-method is-config="true" signature="LaunchApplication()[pri:0, instance:TestCases.ErrorValidationTest@663c9e7a]" started-at="2025-01-12T09:34:28 GMT" name="LaunchApplication" finished-at="2025-01-12T09:34:34 GMT" duration-ms="5980" status="PASS">
          <reporter-output>
          </reporter-output>
        </test-method> <!-- LaunchApplication -->
        <test-method signature="ErrorValidationEmail()[pri:0, instance:TestCases.ErrorValidationTest@663c9e7a]" started-at="2025-01-12T09:34:34 GMT" name="ErrorValidationEmail" finished-at="2025-01-12T09:34:35 GMT" duration-ms="630" status="PASS">
          <reporter-output>
          </reporter-output>
        </test-method> <!-- ErrorValidationEmail -->
        <test-method is-config="true" signature="CloseBrowser()[pri:0, instance:TestCases.ErrorValidationTest@663c9e7a]" started-at="2025-01-12T09:34:35 GMT" name="CloseBrowser" finished-at="2025-01-12T09:34:35 GMT" duration-ms="71" status="PASS">
          <reporter-output>
          </reporter-output>
        </test-method> <!-- CloseBrowser -->
        <test-method is-config="true" signature="LaunchApplication()[pri:0, instance:TestCases.ErrorValidationTest@663c9e7a]" started-at="2025-01-12T09:34:35 GMT" name="LaunchApplication" finished-at="2025-01-12T09:34:40 GMT" duration-ms="4843" status="PASS">
          <reporter-output>
          </reporter-output>
        </test-method> <!-- LaunchApplication -->
        <test-method signature="ErrorValidationPassword()[pri:0, instance:TestCases.ErrorValidationTest@663c9e7a]" started-at="2025-01-12T09:34:40 GMT" name="ErrorValidationPassword" finished-at="2025-01-12T09:34:40 GMT" duration-ms="744" status="PASS">
          <reporter-output>
          </reporter-output>
        </test-method> <!-- ErrorValidationPassword -->
        <test-method is-config="true" signature="CloseBrowser()[pri:0, instance:TestCases.ErrorValidationTest@663c9e7a]" started-at="2025-01-12T09:34:40 GMT" name="CloseBrowser" finished-at="2025-01-12T09:34:41 GMT" duration-ms="78" status="PASS">
          <reporter-output>
          </reporter-output>
        </test-method> <!-- CloseBrowser -->
      </class> <!-- TestCases.ErrorValidationTest -->
    </test> <!-- ErrorValidation -->
    <test started-at="2025-01-12T09:34:41 GMT" name="PlaceOrder" finished-at="2025-01-12T09:35:13 GMT" duration-ms="32739">
      <class name="TestCases.PlaceOrderEndToEndTest">
        <test-method is-config="true" signature="LaunchApplication()[pri:0, instance:TestCases.PlaceOrderEndToEndTest@431cd9b2]" started-at="2025-01-12T09:34:41 GMT" name="LaunchApplication" finished-at="2025-01-12T09:34:45 GMT" duration-ms="4577" status="PASS">
          <reporter-output>
          </reporter-output>
        </test-method> <!-- LaunchApplication -->
        <test-method signature="PlaceOrder(java.util.HashMap)[pri:0, instance:TestCases.PlaceOrderEndToEndTest@431cd9b2]" started-at="2025-01-12T09:34:45 GMT" name="PlaceOrder" data-provider="getDataUsingHashMap" finished-at="2025-01-12T09:34:51 GMT" duration-ms="5460" status="PASS">
          <params>
            <param index="0">
              <value>
                <![CDATA[{Email=subathra.test@gmail.com, ProductName=ADIDAS ORIGINAL, Password=Testpassword*3}]]>
              </value>
            </param>
          </params>
          <reporter-output>
          </reporter-output>
        </test-method> <!-- PlaceOrder -->
        <test-method is-config="true" signature="CloseBrowser()[pri:0, instance:TestCases.PlaceOrderEndToEndTest@431cd9b2]" started-at="2025-01-12T09:34:51 GMT" name="CloseBrowser" finished-at="2025-01-12T09:34:51 GMT" duration-ms="74" status="PASS">
          <reporter-output>
          </reporter-output>
        </test-method> <!-- CloseBrowser -->
        <test-method is-config="true" signature="LaunchApplication()[pri:0, instance:TestCases.PlaceOrderEndToEndTest@431cd9b2]" started-at="2025-01-12T09:34:51 GMT" name="LaunchApplication" finished-at="2025-01-12T09:34:56 GMT" duration-ms="5137" status="PASS">
          <reporter-output>
          </reporter-output>
        </test-method> <!-- LaunchApplication -->
        <test-method signature="PlaceOrder(java.util.HashMap)[pri:0, instance:TestCases.PlaceOrderEndToEndTest@431cd9b2]" started-at="2025-01-12T09:34:56 GMT" name="PlaceOrder" data-provider="getDataUsingHashMap" finished-at="2025-01-12T09:35:01 GMT" duration-ms="5379" status="PASS">
          <params>
            <param index="0">
              <value>
                <![CDATA[{Email=mithu.test@gmail.com, ProductName=ADIDAS ORIGINAL, Password=Testpassword*3}]]>
              </value>
            </param>
          </params>
          <reporter-output>
          </reporter-output>
        </test-method> <!-- PlaceOrder -->
        <test-method is-config="true" signature="CloseBrowser()[pri:0, instance:TestCases.PlaceOrderEndToEndTest@431cd9b2]" started-at="2025-01-12T09:35:01 GMT" name="CloseBrowser" finished-at="2025-01-12T09:35:01 GMT" duration-ms="84" status="PASS">
          <reporter-output>
          </reporter-output>
        </test-method> <!-- CloseBrowser -->
        <test-method is-config="true" signature="LaunchApplication()[pri:0, instance:TestCases.PlaceOrderEndToEndTest@431cd9b2]" started-at="2025-01-12T09:35:01 GMT" name="LaunchApplication" finished-at="2025-01-12T09:35:06 GMT" duration-ms="4975" status="PASS">
          <reporter-output>
          </reporter-output>
        </test-method> <!-- LaunchApplication -->
        <test-method signature="OrderHistoryTest(java.util.HashMap)[pri:0, instance:TestCases.PlaceOrderEndToEndTest@431cd9b2]" started-at="2025-01-12T09:35:06 GMT" name="OrderHistoryTest" data-provider="getDataUsingHashMap" finished-at="2025-01-12T09:35:07 GMT" depends-on-methods="TestCases.PlaceOrderEndToEndTest.PlaceOrder" duration-ms="1089" status="PASS">
          <params>
            <param index="0">
              <value>
                <![CDATA[{Email=subathra.test@gmail.com, ProductName=ADIDAS ORIGINAL, Password=Testpassword*3}]]>
              </value>
            </param>
          </params>
          <reporter-output>
          </reporter-output>
        </test-method> <!-- OrderHistoryTest -->
        <test-method is-config="true" signature="CloseBrowser()[pri:0, instance:TestCases.PlaceOrderEndToEndTest@431cd9b2]" started-at="2025-01-12T09:35:07 GMT" name="CloseBrowser" finished-at="2025-01-12T09:35:08 GMT" duration-ms="60" status="PASS">
          <reporter-output>
          </reporter-output>
        </test-method> <!-- CloseBrowser -->
        <test-method is-config="true" signature="LaunchApplication()[pri:0, instance:TestCases.PlaceOrderEndToEndTest@431cd9b2]" started-at="2025-01-12T09:35:08 GMT" name="LaunchApplication" finished-at="2025-01-12T09:35:12 GMT" duration-ms="4811" status="PASS">
          <reporter-output>
          </reporter-output>
        </test-method> <!-- LaunchApplication -->
        <test-method signature="OrderHistoryTest(java.util.HashMap)[pri:0, instance:TestCases.PlaceOrderEndToEndTest@431cd9b2]" started-at="2025-01-12T09:35:12 GMT" name="OrderHistoryTest" data-provider="getDataUsingHashMap" finished-at="2025-01-12T09:35:13 GMT" depends-on-methods="TestCases.PlaceOrderEndToEndTest.PlaceOrder" duration-ms="1016" status="PASS">
          <params>
            <param index="0">
              <value>
                <![CDATA[{Email=mithu.test@gmail.com, ProductName=ADIDAS ORIGINAL, Password=Testpassword*3}]]>
              </value>
            </param>
          </params>
          <reporter-output>
          </reporter-output>
        </test-method> <!-- OrderHistoryTest -->
        <test-method is-config="true" signature="CloseBrowser()[pri:0, instance:TestCases.PlaceOrderEndToEndTest@431cd9b2]" started-at="2025-01-12T09:35:13 GMT" name="CloseBrowser" finished-at="2025-01-12T09:35:13 GMT" duration-ms="56" status="PASS">
          <reporter-output>
          </reporter-output>
        </test-method> <!-- CloseBrowser -->
      </class> <!-- TestCases.PlaceOrderEndToEndTest -->
    </test> <!-- PlaceOrder -->
  </suite> <!-- Suite -->
</testng-results>
